INFO:log:water list :
INFO:log:[[('water', 'nature'), 74], [('water', 'blue'), 71], [('water', 'reflection'), 63], [('water', 'landscape'), 62], [('water', 'lake'), 62], [('water', 'sky'), 50], [('water', 'sea'), 47], [('water', 'beach'), 42], [('water', 'clouds'), 40], [('water', 'explore'), 40]]
INFO:log:people list :
INFO:log:[[('people', 'portrait'), 28], [('people', 'street'), 27], [('people', 'bw'), 24], [('people', '2007'), 23], [('people', 'explore'), 21], [('people', 'nikon'), 17], [('people', 'canon'), 16], [('people', 'blackandwhite'), 13], [('people', 'sky'), 13], [('people', 'interestingness'), 13]]
INFO:log:london list :
INFO:log:[[('london', 'explore'), 32], [('london', 'geotagged'), 15], [('london', 'graffiti'), 15], [('london', 'architecture'), 14], [('london', 'street'), 13], [('london', 'i500'), 12], [('london', '2007'), 12], [('london', 'streetart'), 11], [('london', 'light'), 10], [('london', 'canon'), 10]]
INFO:log:water list :
INFO:log:[[('water', 'nature'), 74], [('water', 'blue'), 71], [('water', 'reflection'), 63], [('water', 'landscape'), 62], [('water', 'lake'), 62]]
INFO:log:people list :
INFO:log:[[('people', 'portrait'), 28], [('people', 'street'), 27], [('people', 'bw'), 24], [('people', '2007'), 23], [('people', 'explore'), 21]]
INFO:log:london list :
INFO:log:[[('london', 'explore'), 32], [('london', 'geotagged'), 15], [('london', 'graffiti'), 15], [('london', 'architecture'), 14], [('london', 'street'), 13]]
INFO:log:Results of top 5 tags :
INFO:log:[[[('water', 'nature'), 74], [('water', 'blue'), 71], [('water', 'reflection'), 63], [('water', 'landscape'), 62], [('water', 'lake'), 62]], [[('people', 'portrait'), 28], [('people', 'street'), 27], [('people', 'bw'), 24], [('people', '2007'), 23], [('people', 'explore'), 21]], [[('london', 'explore'), 32], [('london', 'geotagged'), 15], [('london', 'graffiti'), 15], [('london', 'architecture'), 14], [('london', 'street'), 13]]]
INFO:log:Results of top 5 tags :
INFO:log:[[[('water', 'nature'), 74], [('water', 'blue'), 71], [('water', 'reflection'), 63], [('water', 'landscape'), 62], [('water', 'lake'), 62]], [[('people', 'portrait'), 28], [('people', 'street'), 27], [('people', 'bw'), 24], [('people', '2007'), 23], [('people', 'explore'), 21]], [[('london', 'explore'), 32], [('london', 'geotagged'), 15], [('london', 'graffiti'), 15], [('london', 'architecture'), 14], [('london', 'street'), 13]]]
INFO:log:Results of top 5 tags :
INFO:log:[[[('water', 'nature'), 74], [('water', 'blue'), 71], [('water', 'reflection'), 63], [('water', 'landscape'), 62], [('water', 'lake'), 62]], [[('people', 'portrait'), 28], [('people', 'street'), 27], [('people', 'bw'), 24], [('people', '2007'), 23], [('people', 'explore'), 21]], [[('london', 'explore'), 32], [('london', 'geotagged'), 15], [('london', 'graffiti'), 15], [('london', 'architecture'), 14], [('london', 'street'), 13]]]
INFO:log:Results of top 5 tags :
INFO:log:[[[('water', 'nature'), 74], [('water', 'blue'), 71], [('water', 'reflection'), 63], [('water', 'landscape'), 62], [('water', 'lake'), 62]], [[('people', 'portrait'), 28], [('people', 'street'), 27], [('people', 'bw'), 24], [('people', '2007'), 23], [('people', 'explore'), 21]], [[('london', 'explore'), 32], [('london', 'geotagged'), 15], [('london', 'graffiti'), 15], [('london', 'architecture'), 14], [('london', 'street'), 13]]]
INFO:log:Results of top 5 tags :
INFO:log:[[[('water', 'nature'), 74], [('water', 'blue'), 71], [('water', 'reflection'), 63], [('water', 'landscape'), 62], [('water', 'lake'), 62]], [[('people', 'portrait'), 28], [('people', 'street'), 27], [('people', 'bw'), 24], [('people', '2007'), 23], [('people', 'explore'), 21]], [[('london', 'explore'), 32], [('london', 'geotagged'), 15], [('london', 'graffiti'), 15], [('london', 'architecture'), 14], [('london', 'street'), 13]]]
INFO:log:Results of top 5 tags :
INFO:log:[[[('water', 'nature'), 74], [('water', 'blue'), 71], [('water', 'reflection'), 63], [('water', 'landscape'), 62], [('water', 'lake'), 62]], [[('people', 'portrait'), 28], [('people', 'street'), 27], [('people', 'bw'), 24], [('people', '2007'), 23], [('people', 'explore'), 21]], [[('london', 'explore'), 32], [('london', 'geotagged'), 15], [('london', 'graffiti'), 15], [('london', 'architecture'), 14], [('london', 'street'), 13]]]
INFO:log:Results of top 5 tags :
INFO:log:[[[('water', 'nature'), 74], [('water', 'blue'), 71], [('water', 'reflection'), 63], [('water', 'landscape'), 62], [('water', 'lake'), 62]], [[('people', 'portrait'), 28], [('people', 'street'), 27], [('people', 'bw'), 24], [('people', '2007'), 23], [('people', 'explore'), 21]], [[('london', 'explore'), 32], [('london', 'geotagged'), 15], [('london', 'graffiti'), 15], [('london', 'architecture'), 14], [('london', 'street'), 13]]]
INFO:log:Results of top 5 tags :
INFO:log:[[[('water', 'nature'), 74], [('water', 'blue'), 71], [('water', 'reflection'), 63], [('water', 'landscape'), 62], [('water', 'lake'), 62]], [[('people', 'portrait'), 28], [('people', 'street'), 27], [('people', 'bw'), 24], [('people', '2007'), 23], [('people', 'explore'), 21]], [[('london', 'explore'), 32], [('london', 'geotagged'), 15], [('london', 'graffiti'), 15], [('london', 'architecture'), 14], [('london', 'street'), 13]]]
INFO:log:Results of top 5 tags :
INFO:log:[[[('water', 'nature'), 74], [('water', 'blue'), 71], [('water', 'reflection'), 63], [('water', 'landscape'), 62], [('water', 'lake'), 62]], [[('people', 'portrait'), 28], [('people', 'street'), 27], [('people', 'bw'), 24], [('people', '2007'), 23], [('people', 'explore'), 21]], [[('london', 'explore'), 32], [('london', 'geotagged'), 15], [('london', 'graffiti'), 15], [('london', 'architecture'), 14], [('london', 'street'), 13]]]
INFO:log:Results of top 5 tags :
INFO:log:[[[('water', 'nature'), 74], [('water', 'blue'), 71], [('water', 'reflection'), 63], [('water', 'landscape'), 62], [('water', 'lake'), 62]], [[('people', 'portrait'), 28], [('people', 'street'), 27], [('people', 'bw'), 24], [('people', '2007'), 23], [('people', 'explore'), 21]], [[('london', 'explore'), 32], [('london', 'geotagged'), 15], [('london', 'graffiti'), 15], [('london', 'architecture'), 14], [('london', 'street'), 13]]]
INFO:log:Results of top 5 tags :
INFO:log:[[[('water', 'nature'), 74], [('water', 'blue'), 71], [('water', 'reflection'), 63], [('water', 'landscape'), 62], [('water', 'lake'), 62]], [[('people', 'portrait'), 28], [('people', 'street'), 27], [('people', 'bw'), 24], [('people', '2007'), 23], [('people', 'explore'), 21]], [[('london', 'explore'), 32], [('london', 'geotagged'), 15], [('london', 'graffiti'), 15], [('london', 'architecture'), 14], [('london', 'street'), 13]]]
INFO:log:Results of top 5 tags :
INFO:log:[[[('water', 'nature'), 74], [('water', 'blue'), 71], [('water', 'reflection'), 63], [('water', 'landscape'), 62], [('water', 'lake'), 62]], [[('people', 'portrait'), 28], [('people', 'street'), 27], [('people', 'bw'), 24], [('people', '2007'), 23], [('people', 'explore'), 21]], [[('london', 'explore'), 32], [('london', 'geotagged'), 15], [('london', 'graffiti'), 15], [('london', 'architecture'), 14], [('london', 'street'), 13]]]
INFO:log:Results of top 5 tags :
INFO:log:[[[('water', 'nature'), 74], [('water', 'blue'), 71], [('water', 'reflection'), 63], [('water', 'landscape'), 62], [('water', 'lake'), 62]], [[('people', 'portrait'), 28], [('people', 'street'), 27], [('people', 'bw'), 24], [('people', '2007'), 23], [('people', 'explore'), 21]], [[('london', 'explore'), 32], [('london', 'geotagged'), 15], [('london', 'graffiti'), 15], [('london', 'architecture'), 14], [('london', 'street'), 13]]]
INFO:log:Results of top 5 tags :
INFO:log:[[[('water', 'nature'), 74], [('water', 'blue'), 71], [('water', 'reflection'), 63], [('water', 'landscape'), 62], [('water', 'lake'), 62]], [[('people', 'portrait'), 28], [('people', 'street'), 27], [('people', 'bw'), 24], [('people', '2007'), 23], [('people', 'explore'), 21]], [[('london', 'explore'), 32], [('london', 'geotagged'), 15], [('london', 'graffiti'), 15], [('london', 'architecture'), 14], [('london', 'street'), 13]]]
INFO:log:Results of top 5 tags :
INFO:log:[[[('water', 'nature'), 74], [('water', 'blue'), 71], [('water', 'reflection'), 63], [('water', 'landscape'), 62], [('water', 'lake'), 62]], [[('people', 'portrait'), 28], [('people', 'street'), 27], [('people', 'bw'), 24], [('people', '2007'), 23], [('people', 'explore'), 21]], [[('london', 'explore'), 32], [('london', 'geotagged'), 15], [('london', 'graffiti'), 15], [('london', 'architecture'), 14], [('london', 'street'), 13]]]
INFO:log:Results of top 5 tags :
INFO:log:[[[('water', 'nature'), 74], [('water', 'blue'), 71], [('water', 'reflection'), 63], [('water', 'landscape'), 62], [('water', 'lake'), 62]], [[('people', 'portrait'), 28], [('people', 'street'), 27], [('people', 'bw'), 24], [('people', '2007'), 23], [('people', 'explore'), 21]], [[('london', 'explore'), 32], [('london', 'geotagged'), 15], [('london', 'graffiti'), 15], [('london', 'architecture'), 14], [('london', 'street'), 13]]]
INFO:log:Results of top 5 tags :
INFO:log:[[[('water', 'nature'), 74], [('water', 'blue'), 71], [('water', 'reflection'), 63], [('water', 'landscape'), 62], [('water', 'lake'), 62]], [[('people', 'portrait'), 28], [('people', 'street'), 27], [('people', 'bw'), 24], [('people', '2007'), 23], [('people', 'explore'), 21]], [[('london', 'explore'), 32], [('london', 'geotagged'), 15], [('london', 'graffiti'), 15], [('london', 'architecture'), 14], [('london', 'street'), 13]]]
